{"/home/javi/git/githubapi/utils/base64.js": {"path":"/home/javi/git/githubapi/utils/base64.js","statementMap":{"0":{"start":{"line":1,"column":0},"end":{"line":4,"column":1}},"1":{"start":{"line":7,"column":1},"end":{"line":7,"column":57}},"2":{"start":{"line":10,"column":1},"end":{"line":10,"column":57}}},"fnMap":{"0":{"name":"atob","decl":{"start":{"line":6,"column":9},"end":{"line":6,"column":13}},"loc":{"start":{"line":6,"column":29},"end":{"line":8,"column":1}},"line":6},"1":{"name":"btoa","decl":{"start":{"line":9,"column":9},"end":{"line":9,"column":13}},"loc":{"start":{"line":9,"column":29},"end":{"line":11,"column":1}},"line":9}},"branchMap":{},"s":{"0":1,"1":1,"2":1},"f":{"0":1,"1":1},"b":{},"_coverageSchema":"43e27e138ebf9cfc5966b082cf9a028302ed4184","hash":"4153f7e334e3f63c320df7cd1491d8c8a46947b4"}
}
